2022-12-19 22:57:03,076 - INFO - train phase
2022-12-19 22:57:05,534 - INFO - train loss = 3.8683853149414062
2022-12-19 22:57:05,534 - INFO - train accuracy = 0.0
2022-12-19 22:57:08,674 - INFO - train loss = 3.6304495334625244
2022-12-19 22:57:08,674 - INFO - train accuracy = 9.375
2022-12-19 22:57:11,777 - INFO - train loss = 3.5256338119506836
2022-12-19 22:57:11,777 - INFO - train accuracy = 18.75
2022-12-19 22:57:14,852 - INFO - train loss = 3.181220293045044
2022-12-19 22:57:14,852 - INFO - train accuracy = 34.375
2022-12-19 22:57:18,060 - INFO - train loss = 3.0350663661956787
2022-12-19 22:57:18,060 - INFO - train accuracy = 34.375
2022-12-19 22:57:21,523 - INFO - train loss = 2.864503860473633
2022-12-19 22:57:21,524 - INFO - train accuracy = 28.125
2022-12-19 22:57:24,929 - INFO - train loss = 2.9379618167877197
2022-12-19 22:57:24,929 - INFO - train accuracy = 34.375
2022-12-19 22:57:28,332 - INFO - train loss = 2.2404375076293945
2022-12-19 22:57:28,332 - INFO - train accuracy = 46.875
2022-12-19 22:57:31,708 - INFO - train loss = 2.362288475036621
2022-12-19 22:57:31,708 - INFO - train accuracy = 31.25
2022-12-19 22:57:35,092 - INFO - train loss = 1.6681303977966309
2022-12-19 22:57:35,093 - INFO - train accuracy = 71.875
2022-12-19 22:57:38,531 - INFO - train loss = 1.8673813343048096
2022-12-19 22:57:38,532 - INFO - train accuracy = 56.25
2022-12-19 22:57:42,162 - INFO - train loss = 1.7746572494506836
2022-12-19 22:57:42,163 - INFO - train accuracy = 53.125
2022-12-19 22:57:45,589 - INFO - train loss = 2.1873939037323
2022-12-19 22:57:45,590 - INFO - train accuracy = 46.875
2022-12-19 22:57:48,989 - INFO - train loss = 1.7755392789840698
2022-12-19 22:57:48,989 - INFO - train accuracy = 59.375
2022-12-19 22:57:52,429 - INFO - train loss = 2.2825679779052734
2022-12-19 22:57:52,429 - INFO - train accuracy = 37.5
2022-12-19 22:57:55,864 - INFO - train loss = 1.6919364929199219
2022-12-19 22:57:55,864 - INFO - train accuracy = 56.25
2022-12-19 22:57:59,251 - INFO - train loss = 1.9645999670028687
2022-12-19 22:57:59,251 - INFO - train accuracy = 46.875
2022-12-19 22:58:02,775 - INFO - train loss = 1.5039044618606567
2022-12-19 22:58:02,775 - INFO - train accuracy = 59.375
2022-12-19 22:58:06,199 - INFO - train loss = 1.3980096578598022
2022-12-19 22:58:06,199 - INFO - train accuracy = 56.25
2022-12-19 22:58:09,711 - INFO - train loss = 1.8238468170166016
2022-12-19 22:58:09,712 - INFO - train accuracy = 40.625
2022-12-19 22:58:11,647 - INFO - val phase
2022-12-19 22:58:11,687 - INFO - val loss = 1.490820050239563
2022-12-19 22:58:11,688 - INFO - val accuracy = 62.5
2022-12-19 22:58:14,494 - INFO - val loss = 1.6328331232070923
2022-12-19 22:58:14,494 - INFO - val accuracy = 53.125
2022-12-19 22:58:17,767 - INFO - val loss = 1.769782543182373
2022-12-19 22:58:17,767 - INFO - val accuracy = 56.25
2022-12-19 22:58:21,215 - INFO - val loss = 1.5365804433822632
2022-12-19 22:58:21,216 - INFO - val accuracy = 68.75
2022-12-19 22:58:24,632 - INFO - val loss = 1.238478422164917
2022-12-19 22:58:24,632 - INFO - val accuracy = 71.875
2022-12-19 22:58:27,723 - INFO - train phase
2022-12-19 22:58:27,811 - INFO - train loss = 1.294986605644226
2022-12-19 22:58:27,811 - INFO - train accuracy = 71.875
2022-12-19 22:58:30,849 - INFO - train loss = 1.3772189617156982
2022-12-19 22:58:30,849 - INFO - train accuracy = 56.25
2022-12-19 22:58:33,828 - INFO - train loss = 2.0141420364379883
2022-12-19 22:58:33,829 - INFO - train accuracy = 43.75
2022-12-19 22:58:36,770 - INFO - train loss = 1.4424697160720825
2022-12-19 22:58:36,770 - INFO - train accuracy = 65.625
2022-12-19 22:58:39,965 - INFO - train loss = 1.4469928741455078
2022-12-19 22:58:39,965 - INFO - train accuracy = 62.5
2022-12-19 22:58:42,918 - INFO - train loss = 1.3766016960144043
2022-12-19 22:58:42,918 - INFO - train accuracy = 62.5
2022-12-19 22:58:45,882 - INFO - train loss = 1.1513242721557617
2022-12-19 22:58:45,882 - INFO - train accuracy = 68.75
2022-12-19 22:58:48,847 - INFO - train loss = 1.414845585823059
2022-12-19 22:58:48,847 - INFO - train accuracy = 62.5
2022-12-19 22:58:51,805 - INFO - train loss = 1.6265335083007812
2022-12-19 22:58:51,805 - INFO - train accuracy = 65.625
2022-12-19 22:58:54,742 - INFO - train loss = 1.4187520742416382
2022-12-19 22:58:54,742 - INFO - train accuracy = 62.5
2022-12-19 22:58:57,682 - INFO - train loss = 1.216567873954773
2022-12-19 22:58:57,682 - INFO - train accuracy = 71.875
2022-12-19 22:59:00,617 - INFO - train loss = 1.5878169536590576
2022-12-19 22:59:00,617 - INFO - train accuracy = 53.125
2022-12-19 22:59:03,702 - INFO - train loss = 1.3885902166366577
2022-12-19 22:59:03,703 - INFO - train accuracy = 62.5
2022-12-19 22:59:06,894 - INFO - train loss = 1.2628824710845947
2022-12-19 22:59:06,895 - INFO - train accuracy = 75.0
2022-12-19 22:59:10,866 - INFO - train loss = 1.065085530281067
2022-12-19 22:59:10,866 - INFO - train accuracy = 78.125
2022-12-19 22:59:14,985 - INFO - train loss = 1.4261062145233154
2022-12-19 22:59:14,985 - INFO - train accuracy = 65.625
2022-12-19 22:59:18,145 - INFO - train loss = 1.5734835863113403
2022-12-19 22:59:18,146 - INFO - train accuracy = 56.25
2022-12-19 22:59:21,029 - INFO - train loss = 1.0621750354766846
2022-12-19 22:59:21,029 - INFO - train accuracy = 62.5
2022-12-19 22:59:24,088 - INFO - train loss = 1.2470662593841553
2022-12-19 22:59:24,089 - INFO - train accuracy = 65.625
2022-12-19 22:59:27,532 - INFO - train loss = 1.8428893089294434
2022-12-19 22:59:27,532 - INFO - train accuracy = 50.0
2022-12-19 22:59:29,202 - INFO - val phase
2022-12-19 22:59:29,230 - INFO - val loss = 1.083634614944458
2022-12-19 22:59:29,230 - INFO - val accuracy = 75.0
2022-12-19 22:59:31,577 - INFO - val loss = 1.1800074577331543
2022-12-19 22:59:31,577 - INFO - val accuracy = 68.75
2022-12-19 22:59:33,897 - INFO - val loss = 1.4640387296676636
2022-12-19 22:59:33,898 - INFO - val accuracy = 62.5
2022-12-19 22:59:36,198 - INFO - val loss = 1.2685295343399048
2022-12-19 22:59:36,199 - INFO - val accuracy = 65.625
2022-12-19 22:59:38,542 - INFO - val loss = 0.9464032649993896
2022-12-19 22:59:38,542 - INFO - val accuracy = 78.125
2022-12-19 22:59:40,632 - INFO - train phase
2022-12-19 22:59:40,676 - INFO - train loss = 0.9891019463539124
2022-12-19 22:59:40,677 - INFO - train accuracy = 81.25
2022-12-19 22:59:43,532 - INFO - train loss = 1.6313652992248535
2022-12-19 22:59:43,533 - INFO - train accuracy = 59.375
2022-12-19 22:59:46,356 - INFO - train loss = 1.7171887159347534
2022-12-19 22:59:46,357 - INFO - train accuracy = 65.625
2022-12-19 22:59:49,172 - INFO - train loss = 0.979265570640564
2022-12-19 22:59:49,172 - INFO - train accuracy = 65.625
2022-12-19 22:59:51,998 - INFO - train loss = 1.5243228673934937
2022-12-19 22:59:51,998 - INFO - train accuracy = 71.875
2022-12-19 22:59:54,956 - INFO - train loss = 1.1997849941253662
2022-12-19 22:59:54,957 - INFO - train accuracy = 65.625
2022-12-19 22:59:58,824 - INFO - train loss = 1.0091536045074463
2022-12-19 22:59:58,825 - INFO - train accuracy = 75.0
2022-12-19 23:00:02,219 - INFO - train loss = 0.6091883182525635
2022-12-19 23:00:02,220 - INFO - train accuracy = 84.375
2022-12-19 23:00:05,869 - INFO - train loss = 1.156115174293518
2022-12-19 23:00:05,869 - INFO - train accuracy = 62.5
2022-12-19 23:00:09,381 - INFO - train loss = 1.3143565654754639
2022-12-19 23:00:09,382 - INFO - train accuracy = 65.625
2022-12-19 23:00:12,841 - INFO - train loss = 1.529809594154358
2022-12-19 23:00:12,841 - INFO - train accuracy = 65.625
2022-12-19 23:00:16,122 - INFO - train loss = 0.9617116451263428
2022-12-19 23:00:16,122 - INFO - train accuracy = 68.75
2022-12-19 23:00:19,291 - INFO - train loss = 1.1202431917190552
2022-12-19 23:00:19,291 - INFO - train accuracy = 71.875
2022-12-19 23:00:22,357 - INFO - train loss = 1.3250395059585571
2022-12-19 23:00:22,358 - INFO - train accuracy = 65.625
2022-12-19 23:00:25,422 - INFO - train loss = 1.2777056694030762
2022-12-19 23:00:25,422 - INFO - train accuracy = 65.625
2022-12-19 23:00:28,497 - INFO - train loss = 1.185948371887207
2022-12-19 23:00:28,497 - INFO - train accuracy = 71.875
2022-12-19 23:00:31,559 - INFO - train loss = 0.8616381883621216
2022-12-19 23:00:31,560 - INFO - train accuracy = 75.0
2022-12-19 23:00:34,623 - INFO - train loss = 1.0573188066482544
2022-12-19 23:00:34,624 - INFO - train accuracy = 68.75
2022-12-19 23:00:37,735 - INFO - train loss = 0.9672368764877319
2022-12-19 23:00:37,735 - INFO - train accuracy = 81.25
2022-12-19 23:00:40,866 - INFO - train loss = 1.2451510429382324
2022-12-19 23:00:40,866 - INFO - train accuracy = 68.75
2022-12-19 23:00:42,528 - INFO - val phase
2022-12-19 23:00:42,558 - INFO - val loss = 0.8949552774429321
2022-12-19 23:00:42,558 - INFO - val accuracy = 84.375
2022-12-19 23:00:45,158 - INFO - val loss = 1.0038506984710693
2022-12-19 23:00:45,158 - INFO - val accuracy = 65.625
2022-12-19 23:00:47,723 - INFO - val loss = 1.2940847873687744
2022-12-19 23:00:47,723 - INFO - val accuracy = 78.125
2022-12-19 23:00:50,408 - INFO - val loss = 1.0450783967971802
2022-12-19 23:00:50,408 - INFO - val accuracy = 71.875
2022-12-19 23:00:52,956 - INFO - val loss = 0.7536420822143555
2022-12-19 23:00:52,956 - INFO - val accuracy = 81.25
2022-12-19 23:00:55,184 - INFO - train phase
2022-12-19 23:00:55,232 - INFO - train loss = 0.9915379881858826
2022-12-19 23:00:55,232 - INFO - train accuracy = 81.25
2022-12-19 23:00:58,513 - INFO - train loss = 0.9614011645317078
2022-12-19 23:00:58,513 - INFO - train accuracy = 78.125
2022-12-19 23:01:01,815 - INFO - train loss = 1.3026325702667236
2022-12-19 23:01:01,815 - INFO - train accuracy = 59.375
2022-12-19 23:01:05,051 - INFO - train loss = 0.8422200679779053
2022-12-19 23:01:05,051 - INFO - train accuracy = 78.125
2022-12-19 23:01:08,350 - INFO - train loss = 1.462820053100586
2022-12-19 23:01:08,350 - INFO - train accuracy = 56.25
2022-12-19 23:01:11,618 - INFO - train loss = 0.5432312488555908
2022-12-19 23:01:11,618 - INFO - train accuracy = 84.375
2022-12-19 23:01:14,836 - INFO - train loss = 0.8323423862457275
2022-12-19 23:01:14,836 - INFO - train accuracy = 81.25
2022-12-19 23:01:18,124 - INFO - train loss = 1.1854392290115356
2022-12-19 23:01:18,125 - INFO - train accuracy = 65.625
2022-12-19 23:01:21,382 - INFO - train loss = 1.0864909887313843
2022-12-19 23:01:21,383 - INFO - train accuracy = 65.625
2022-12-19 23:01:24,623 - INFO - train loss = 0.7597239017486572
2022-12-19 23:01:24,623 - INFO - train accuracy = 78.125
2022-12-19 23:01:27,914 - INFO - train loss = 0.8936238288879395
2022-12-19 23:01:27,914 - INFO - train accuracy = 68.75
2022-12-19 23:01:31,250 - INFO - train loss = 0.9099659323692322
2022-12-19 23:01:31,250 - INFO - train accuracy = 75.0
2022-12-19 23:01:34,349 - INFO - train loss = 0.6452434659004211
2022-12-19 23:01:34,349 - INFO - train accuracy = 87.5
2022-12-19 23:01:37,343 - INFO - train loss = 0.9663907289505005
2022-12-19 23:01:37,343 - INFO - train accuracy = 81.25
2022-12-19 23:01:40,305 - INFO - train loss = 1.288852572441101
2022-12-19 23:01:40,306 - INFO - train accuracy = 62.5
2022-12-19 23:01:43,241 - INFO - train loss = 0.9794341325759888
2022-12-19 23:01:43,241 - INFO - train accuracy = 68.75
2022-12-19 23:01:46,188 - INFO - train loss = 0.5379301309585571
2022-12-19 23:01:46,188 - INFO - train accuracy = 87.5
2022-12-19 23:01:49,133 - INFO - train loss = 0.9841359853744507
2022-12-19 23:01:49,135 - INFO - train accuracy = 78.125
2022-12-19 23:01:52,068 - INFO - train loss = 0.861432671546936
2022-12-19 23:01:52,068 - INFO - train accuracy = 78.125
2022-12-19 23:01:55,007 - INFO - train loss = 0.6214452981948853
2022-12-19 23:01:55,007 - INFO - train accuracy = 81.25
2022-12-19 23:01:56,592 - INFO - val phase
2022-12-19 23:01:56,619 - INFO - val loss = 0.7406368255615234
2022-12-19 23:01:56,619 - INFO - val accuracy = 84.375
2022-12-19 23:01:59,100 - INFO - val loss = 0.7216159105300903
2022-12-19 23:01:59,100 - INFO - val accuracy = 75.0
2022-12-19 23:02:01,588 - INFO - val loss = 1.0983264446258545
2022-12-19 23:02:01,589 - INFO - val accuracy = 78.125
2022-12-19 23:02:04,017 - INFO - val loss = 0.9501696825027466
2022-12-19 23:02:04,017 - INFO - val accuracy = 71.875
2022-12-19 23:02:06,446 - INFO - val loss = 0.552667498588562
2022-12-19 23:02:06,446 - INFO - val accuracy = 87.5
2022-12-19 23:02:08,642 - INFO - train phase
2022-12-19 23:02:08,684 - INFO - train loss = 0.7347422242164612
2022-12-19 23:02:08,685 - INFO - train accuracy = 71.875
2022-12-19 23:02:11,652 - INFO - train loss = 0.620008111000061
2022-12-19 23:02:11,652 - INFO - train accuracy = 87.5
2022-12-19 23:02:14,565 - INFO - train loss = 1.602817416191101
2022-12-19 23:02:14,565 - INFO - train accuracy = 65.625
2022-12-19 23:02:17,490 - INFO - train loss = 0.7196115851402283
2022-12-19 23:02:17,491 - INFO - train accuracy = 81.25
2022-12-19 23:02:20,573 - INFO - train loss = 0.8899872303009033
2022-12-19 23:02:20,573 - INFO - train accuracy = 75.0
2022-12-19 23:02:23,827 - INFO - train loss = 0.9825469851493835
2022-12-19 23:02:23,827 - INFO - train accuracy = 75.0
2022-12-19 23:02:27,165 - INFO - train loss = 0.7963086366653442
2022-12-19 23:02:27,166 - INFO - train accuracy = 75.0
2022-12-19 23:02:30,498 - INFO - train loss = 1.0187768936157227
2022-12-19 23:02:30,498 - INFO - train accuracy = 81.25
2022-12-19 23:02:33,850 - INFO - train loss = 0.8761043548583984
2022-12-19 23:02:33,850 - INFO - train accuracy = 78.125
2022-12-19 23:02:37,201 - INFO - train loss = 0.845178484916687
2022-12-19 23:02:37,202 - INFO - train accuracy = 75.0
2022-12-19 23:02:40,529 - INFO - train loss = 0.5674600005149841
2022-12-19 23:02:40,529 - INFO - train accuracy = 87.5
2022-12-19 23:02:43,870 - INFO - train loss = 1.0633553266525269
2022-12-19 23:02:43,870 - INFO - train accuracy = 75.0
2022-12-19 23:02:47,153 - INFO - train loss = 1.1815487146377563
2022-12-19 23:02:47,154 - INFO - train accuracy = 78.125
2022-12-19 23:02:50,700 - INFO - train loss = 0.9004360437393188
2022-12-19 23:02:50,700 - INFO - train accuracy = 78.125
2022-12-19 23:02:53,930 - INFO - train loss = 1.2099205255508423
2022-12-19 23:02:53,930 - INFO - train accuracy = 71.875
2022-12-19 23:02:57,156 - INFO - train loss = 0.5965785384178162
2022-12-19 23:02:57,156 - INFO - train accuracy = 84.375
2022-12-19 23:03:00,426 - INFO - train loss = 0.8473869562149048
2022-12-19 23:03:00,426 - INFO - train accuracy = 78.125
2022-12-19 23:03:03,747 - INFO - train loss = 0.7846762537956238
2022-12-19 23:03:03,747 - INFO - train accuracy = 75.0
2022-12-19 23:03:07,008 - INFO - train loss = 0.7450375556945801
2022-12-19 23:03:07,008 - INFO - train accuracy = 75.0
2022-12-19 23:03:10,244 - INFO - train loss = 0.7410106062889099
2022-12-19 23:03:10,245 - INFO - train accuracy = 78.125
2022-12-19 23:03:11,994 - INFO - val phase
2022-12-19 23:03:12,028 - INFO - val loss = 0.6619621515274048
2022-12-19 23:03:12,029 - INFO - val accuracy = 87.5
2022-12-19 23:03:14,586 - INFO - val loss = 0.5770583152770996
2022-12-19 23:03:14,586 - INFO - val accuracy = 78.125
2022-12-19 23:03:17,110 - INFO - val loss = 0.9687363505363464
2022-12-19 23:03:17,110 - INFO - val accuracy = 81.25
2022-12-19 23:03:19,625 - INFO - val loss = 0.7435422539710999
2022-12-19 23:03:19,625 - INFO - val accuracy = 81.25
2022-12-19 23:03:22,152 - INFO - val loss = 0.47552430629730225
2022-12-19 23:03:22,152 - INFO - val accuracy = 87.5
2022-12-19 23:03:24,375 - INFO - train phase
2022-12-19 23:03:24,419 - INFO - train loss = 0.43126267194747925
2022-12-19 23:03:24,419 - INFO - train accuracy = 90.625
2022-12-19 23:03:27,691 - INFO - train loss = 1.0557072162628174
2022-12-19 23:03:27,691 - INFO - train accuracy = 65.625
2022-12-19 23:03:30,949 - INFO - train loss = 0.9260228872299194
2022-12-19 23:03:30,949 - INFO - train accuracy = 71.875
2022-12-19 23:03:34,240 - INFO - train loss = 0.5511208176612854
2022-12-19 23:03:34,242 - INFO - train accuracy = 90.625
2022-12-19 23:03:37,556 - INFO - train loss = 0.6085726618766785
2022-12-19 23:03:37,556 - INFO - train accuracy = 84.375
2022-12-19 23:03:40,871 - INFO - train loss = 1.072126865386963
2022-12-19 23:03:40,871 - INFO - train accuracy = 65.625
2022-12-19 23:03:44,093 - INFO - train loss = 1.0669195652008057
2022-12-19 23:03:44,093 - INFO - train accuracy = 71.875
2022-12-19 23:03:47,868 - INFO - train loss = 0.8651288151741028
2022-12-19 23:03:47,869 - INFO - train accuracy = 71.875
2022-12-19 23:03:51,543 - INFO - train loss = 0.7698835134506226
2022-12-19 23:03:51,543 - INFO - train accuracy = 75.0
2022-12-19 23:03:55,257 - INFO - train loss = 0.6456196904182434
2022-12-19 23:03:55,257 - INFO - train accuracy = 81.25
2022-12-19 23:03:58,796 - INFO - train loss = 0.521654486656189
2022-12-19 23:03:58,796 - INFO - train accuracy = 87.5
2022-12-19 23:04:02,344 - INFO - train loss = 0.7532796859741211
2022-12-19 23:04:02,344 - INFO - train accuracy = 81.25
2022-12-19 23:04:05,912 - INFO - train loss = 0.6772258877754211
2022-12-19 23:04:05,912 - INFO - train accuracy = 81.25
2022-12-19 23:04:10,020 - INFO - train loss = 0.9214297533035278
2022-12-19 23:04:10,020 - INFO - train accuracy = 71.875
2022-12-19 23:04:13,633 - INFO - train loss = 0.845305323600769
2022-12-19 23:04:13,633 - INFO - train accuracy = 78.125
2022-12-19 23:04:17,189 - INFO - train loss = 0.760783314704895
2022-12-19 23:04:17,191 - INFO - train accuracy = 81.25
2022-12-19 23:04:20,561 - INFO - train loss = 0.4648059904575348
2022-12-19 23:04:20,561 - INFO - train accuracy = 90.625
2022-12-19 23:04:23,986 - INFO - train loss = 0.8369430303573608
2022-12-19 23:04:23,987 - INFO - train accuracy = 81.25
2022-12-19 23:04:27,513 - INFO - train loss = 0.9088918566703796
2022-12-19 23:04:27,513 - INFO - train accuracy = 81.25
2022-12-19 23:04:30,969 - INFO - train loss = 0.7699618339538574
2022-12-19 23:04:30,969 - INFO - train accuracy = 78.125
2022-12-19 23:04:32,639 - INFO - val phase
2022-12-19 23:04:32,672 - INFO - val loss = 0.5906413793563843
2022-12-19 23:04:32,673 - INFO - val accuracy = 87.5
2022-12-19 23:04:35,126 - INFO - val loss = 0.46155011653900146
2022-12-19 23:04:35,127 - INFO - val accuracy = 81.25
2022-12-19 23:04:37,695 - INFO - val loss = 0.9204617142677307
2022-12-19 23:04:37,695 - INFO - val accuracy = 84.375
2022-12-19 23:04:40,330 - INFO - val loss = 0.8122615814208984
2022-12-19 23:04:40,330 - INFO - val accuracy = 81.25
2022-12-19 23:04:42,993 - INFO - val loss = 0.40464115142822266
2022-12-19 23:04:42,993 - INFO - val accuracy = 90.625
2022-12-19 23:04:45,134 - INFO - train phase
2022-12-19 23:04:45,174 - INFO - train loss = 1.050416350364685
2022-12-19 23:04:45,174 - INFO - train accuracy = 68.75
2022-12-19 23:04:48,146 - INFO - train loss = 0.6330328583717346
2022-12-19 23:04:48,146 - INFO - train accuracy = 87.5
2022-12-19 23:04:51,517 - INFO - train loss = 0.42911016941070557
2022-12-19 23:04:51,517 - INFO - train accuracy = 84.375
2022-12-19 23:04:54,767 - INFO - train loss = 0.8249003291130066
2022-12-19 23:04:54,767 - INFO - train accuracy = 78.125
2022-12-19 23:04:57,643 - INFO - train loss = 0.6015654802322388
2022-12-19 23:04:57,643 - INFO - train accuracy = 75.0
2022-12-19 23:05:00,579 - INFO - train loss = 0.8774391412734985
2022-12-19 23:05:00,579 - INFO - train accuracy = 78.125
2022-12-19 23:05:03,590 - INFO - train loss = 0.43311378359794617
2022-12-19 23:05:03,591 - INFO - train accuracy = 93.75
2022-12-19 23:05:06,784 - INFO - train loss = 1.0275393724441528
2022-12-19 23:05:06,784 - INFO - train accuracy = 78.125
2022-12-19 23:05:09,939 - INFO - train loss = 0.724864661693573
2022-12-19 23:05:09,939 - INFO - train accuracy = 81.25
2022-12-19 23:05:12,819 - INFO - train loss = 1.2115226984024048
2022-12-19 23:05:12,819 - INFO - train accuracy = 56.25
2022-12-19 23:05:15,762 - INFO - train loss = 0.8407682776451111
2022-12-19 23:05:15,762 - INFO - train accuracy = 78.125
2022-12-19 23:05:18,944 - INFO - train loss = 0.7270188927650452
2022-12-19 23:05:18,944 - INFO - train accuracy = 75.0
2022-12-19 23:05:22,204 - INFO - train loss = 0.700996994972229
2022-12-19 23:05:22,204 - INFO - train accuracy = 78.125
2022-12-19 23:05:25,437 - INFO - train loss = 0.6080018281936646
2022-12-19 23:05:25,437 - INFO - train accuracy = 78.125
2022-12-19 23:05:28,657 - INFO - train loss = 0.8517765402793884
2022-12-19 23:05:28,657 - INFO - train accuracy = 81.25
2022-12-19 23:05:31,846 - INFO - train loss = 0.5511624217033386
2022-12-19 23:05:31,846 - INFO - train accuracy = 84.375
2022-12-19 23:05:35,043 - INFO - train loss = 0.9841809868812561
2022-12-19 23:05:35,044 - INFO - train accuracy = 71.875
2022-12-19 23:05:38,275 - INFO - train loss = 0.371595561504364
2022-12-19 23:05:38,276 - INFO - train accuracy = 87.5
2022-12-19 23:05:41,520 - INFO - train loss = 0.8743594288825989
2022-12-19 23:05:41,520 - INFO - train accuracy = 71.875
2022-12-19 23:05:44,724 - INFO - train loss = 1.197841763496399
2022-12-19 23:05:44,724 - INFO - train accuracy = 71.875
2022-12-19 23:05:46,452 - INFO - val phase
2022-12-19 23:05:46,478 - INFO - val loss = 0.5229519605636597
2022-12-19 23:05:46,478 - INFO - val accuracy = 90.625
2022-12-19 23:05:48,983 - INFO - val loss = 0.5196825265884399
2022-12-19 23:05:48,984 - INFO - val accuracy = 87.5
2022-12-19 23:05:51,469 - INFO - val loss = 0.7697328329086304
2022-12-19 23:05:51,469 - INFO - val accuracy = 87.5
2022-12-19 23:05:53,930 - INFO - val loss = 0.7089893221855164
2022-12-19 23:05:53,931 - INFO - val accuracy = 78.125
2022-12-19 23:05:56,407 - INFO - val loss = 0.40430712699890137
2022-12-19 23:05:56,407 - INFO - val accuracy = 90.625
2022-12-19 23:05:58,617 - INFO - train phase
2022-12-19 23:05:58,660 - INFO - train loss = 0.4991514980792999
2022-12-19 23:05:58,661 - INFO - train accuracy = 90.625
2022-12-19 23:06:02,013 - INFO - train loss = 0.5297343730926514
2022-12-19 23:06:02,013 - INFO - train accuracy = 84.375
2022-12-19 23:06:05,214 - INFO - train loss = 1.1484724283218384
2022-12-19 23:06:05,214 - INFO - train accuracy = 65.625
2022-12-19 23:06:08,643 - INFO - train loss = 0.5746475458145142
2022-12-19 23:06:08,643 - INFO - train accuracy = 78.125
2022-12-19 23:06:11,904 - INFO - train loss = 0.5865976810455322
2022-12-19 23:06:11,905 - INFO - train accuracy = 81.25
2022-12-19 23:06:15,127 - INFO - train loss = 0.9903521537780762
2022-12-19 23:06:15,128 - INFO - train accuracy = 71.875
2022-12-19 23:06:18,325 - INFO - train loss = 0.40086671710014343
2022-12-19 23:06:18,325 - INFO - train accuracy = 87.5
2022-12-19 23:06:21,516 - INFO - train loss = 0.5697869062423706
2022-12-19 23:06:21,516 - INFO - train accuracy = 81.25
2022-12-19 23:06:24,725 - INFO - train loss = 0.35640186071395874
2022-12-19 23:06:24,725 - INFO - train accuracy = 87.5
2022-12-19 23:06:27,954 - INFO - train loss = 0.8488421440124512
2022-12-19 23:06:27,954 - INFO - train accuracy = 81.25
2022-12-19 23:06:31,168 - INFO - train loss = 0.5291329026222229
2022-12-19 23:06:31,169 - INFO - train accuracy = 81.25
2022-12-19 23:06:34,529 - INFO - train loss = 0.6123045682907104
2022-12-19 23:06:34,529 - INFO - train accuracy = 84.375
2022-12-19 23:06:37,934 - INFO - train loss = 0.47665315866470337
2022-12-19 23:06:37,934 - INFO - train accuracy = 87.5
2022-12-19 23:06:41,223 - INFO - train loss = 0.42038944363594055
2022-12-19 23:06:41,223 - INFO - train accuracy = 87.5
2022-12-19 23:06:44,473 - INFO - train loss = 0.5692565441131592
2022-12-19 23:06:44,473 - INFO - train accuracy = 78.125
2022-12-19 23:06:47,728 - INFO - train loss = 0.8406737446784973
2022-12-19 23:06:47,728 - INFO - train accuracy = 84.375
2022-12-19 23:06:50,964 - INFO - train loss = 0.8651489019393921
2022-12-19 23:06:50,965 - INFO - train accuracy = 81.25
2022-12-19 23:06:54,227 - INFO - train loss = 0.4419219493865967
2022-12-19 23:06:54,227 - INFO - train accuracy = 90.625
2022-12-19 23:06:57,495 - INFO - train loss = 0.3117140233516693
2022-12-19 23:06:57,495 - INFO - train accuracy = 87.5
2022-12-19 23:07:00,845 - INFO - train loss = 0.3630533516407013
2022-12-19 23:07:00,846 - INFO - train accuracy = 87.5
2022-12-19 23:07:02,649 - INFO - val phase
2022-12-19 23:07:02,688 - INFO - val loss = 0.5069079399108887
2022-12-19 23:07:02,689 - INFO - val accuracy = 90.625
2022-12-19 23:07:05,241 - INFO - val loss = 0.4532693326473236
2022-12-19 23:07:05,242 - INFO - val accuracy = 81.25
2022-12-19 23:07:07,835 - INFO - val loss = 0.8634862899780273
2022-12-19 23:07:07,836 - INFO - val accuracy = 84.375
2022-12-19 23:07:10,607 - INFO - val loss = 0.612658679485321
2022-12-19 23:07:10,607 - INFO - val accuracy = 84.375
2022-12-19 23:07:13,178 - INFO - val loss = 0.38088518381118774
2022-12-19 23:07:13,179 - INFO - val accuracy = 93.75
2022-12-19 23:07:15,449 - INFO - train phase
2022-12-19 23:07:15,499 - INFO - train loss = 0.5029937624931335
2022-12-19 23:07:15,500 - INFO - train accuracy = 84.375
2022-12-19 23:07:18,817 - INFO - train loss = 0.3519095182418823
2022-12-19 23:07:18,817 - INFO - train accuracy = 87.5
2022-12-19 23:07:22,074 - INFO - train loss = 0.6546670794487
2022-12-19 23:07:22,074 - INFO - train accuracy = 81.25
2022-12-19 23:07:25,307 - INFO - train loss = 0.34332334995269775
2022-12-19 23:07:25,308 - INFO - train accuracy = 93.75
2022-12-19 23:07:28,548 - INFO - train loss = 0.6808133721351624
2022-12-19 23:07:28,548 - INFO - train accuracy = 84.375
2022-12-19 23:07:31,793 - INFO - train loss = 0.8864301443099976
2022-12-19 23:07:31,794 - INFO - train accuracy = 78.125
2022-12-19 23:07:35,067 - INFO - train loss = 0.8466668128967285
2022-12-19 23:07:35,067 - INFO - train accuracy = 78.125
2022-12-19 23:07:38,305 - INFO - train loss = 0.698066234588623
2022-12-19 23:07:38,305 - INFO - train accuracy = 81.25
2022-12-19 23:07:41,538 - INFO - train loss = 0.28891393542289734
2022-12-19 23:07:41,538 - INFO - train accuracy = 93.75
2022-12-19 23:07:44,845 - INFO - train loss = 0.32380735874176025
2022-12-19 23:07:44,846 - INFO - train accuracy = 90.625
2022-12-19 23:07:48,183 - INFO - train loss = 0.4292796552181244
2022-12-19 23:07:48,183 - INFO - train accuracy = 87.5
2022-12-19 23:07:51,518 - INFO - train loss = 0.7163717746734619
2022-12-19 23:07:51,518 - INFO - train accuracy = 84.375
2022-12-19 23:07:54,748 - INFO - train loss = 0.6210933327674866
2022-12-19 23:07:54,748 - INFO - train accuracy = 68.75
2022-12-19 23:07:57,979 - INFO - train loss = 0.3064545691013336
2022-12-19 23:07:57,980 - INFO - train accuracy = 96.875
2022-12-19 23:08:01,278 - INFO - train loss = 0.5504740476608276
2022-12-19 23:08:01,278 - INFO - train accuracy = 84.375
2022-12-19 23:08:04,515 - INFO - train loss = 0.6160857677459717
2022-12-19 23:08:04,515 - INFO - train accuracy = 75.0
2022-12-19 23:08:08,080 - INFO - train loss = 0.3065941035747528
2022-12-19 23:08:08,081 - INFO - train accuracy = 90.625
2022-12-19 23:08:11,463 - INFO - train loss = 0.5288914442062378
2022-12-19 23:08:11,463 - INFO - train accuracy = 84.375
2022-12-19 23:08:14,809 - INFO - train loss = 0.8578992486000061
2022-12-19 23:08:14,809 - INFO - train accuracy = 84.375
2022-12-19 23:08:18,043 - INFO - train loss = 0.4906322956085205
2022-12-19 23:08:18,043 - INFO - train accuracy = 84.375
2022-12-19 23:08:19,866 - INFO - val phase
2022-12-19 23:08:19,902 - INFO - val loss = 0.39884093403816223
2022-12-19 23:08:19,903 - INFO - val accuracy = 90.625
2022-12-19 23:08:22,470 - INFO - val loss = 0.42807841300964355
2022-12-19 23:08:22,471 - INFO - val accuracy = 90.625
2022-12-19 23:08:25,050 - INFO - val loss = 0.7360370755195618
2022-12-19 23:08:25,050 - INFO - val accuracy = 84.375
2022-12-19 23:08:27,592 - INFO - val loss = 0.6023005843162537
2022-12-19 23:08:27,592 - INFO - val accuracy = 81.25
2022-12-19 23:08:30,193 - INFO - val loss = 0.38777437806129456
2022-12-19 23:08:30,194 - INFO - val accuracy = 93.75
2022-12-19 23:08:32,460 - INFO - train phase
2022-12-19 23:08:32,513 - INFO - train loss = 0.510345458984375
2022-12-19 23:08:32,513 - INFO - train accuracy = 81.25
2022-12-19 23:08:35,886 - INFO - train loss = 0.6482742428779602
2022-12-19 23:08:35,886 - INFO - train accuracy = 84.375
2022-12-19 23:08:39,234 - INFO - train loss = 0.3727523386478424
2022-12-19 23:08:39,235 - INFO - train accuracy = 90.625
2022-12-19 23:08:42,562 - INFO - train loss = 0.6433465480804443
2022-12-19 23:08:42,562 - INFO - train accuracy = 78.125
2022-12-19 23:08:45,900 - INFO - train loss = 0.736089289188385
2022-12-19 23:08:45,900 - INFO - train accuracy = 81.25
2022-12-19 23:08:49,269 - INFO - train loss = 0.8296557068824768
2022-12-19 23:08:49,269 - INFO - train accuracy = 78.125
2022-12-19 23:08:52,653 - INFO - train loss = 0.6514251232147217
2022-12-19 23:08:52,654 - INFO - train accuracy = 87.5
2022-12-19 23:08:55,981 - INFO - train loss = 0.6339640021324158
2022-12-19 23:08:55,981 - INFO - train accuracy = 81.25
2022-12-19 23:08:59,348 - INFO - train loss = 0.35162293910980225
2022-12-19 23:08:59,348 - INFO - train accuracy = 93.75
2022-12-19 23:09:02,788 - INFO - train loss = 0.6158494353294373
2022-12-19 23:09:02,788 - INFO - train accuracy = 84.375
2022-12-19 23:09:06,200 - INFO - train loss = 0.29039883613586426
2022-12-19 23:09:06,200 - INFO - train accuracy = 93.75
2022-12-19 23:09:09,840 - INFO - train loss = 0.7204402089118958
2022-12-19 23:09:09,840 - INFO - train accuracy = 78.125
2022-12-19 23:09:13,265 - INFO - train loss = 0.39199572801589966
2022-12-19 23:09:13,265 - INFO - train accuracy = 81.25
2022-12-19 23:09:16,600 - INFO - train loss = 1.0118687152862549
2022-12-19 23:09:16,600 - INFO - train accuracy = 81.25
2022-12-19 23:09:19,938 - INFO - train loss = 0.3812505006790161
2022-12-19 23:09:19,938 - INFO - train accuracy = 93.75
2022-12-19 23:09:23,293 - INFO - train loss = 1.022096872329712
2022-12-19 23:09:23,293 - INFO - train accuracy = 68.75
2022-12-19 23:09:26,649 - INFO - train loss = 0.4112274944782257
2022-12-19 23:09:26,649 - INFO - train accuracy = 90.625
2022-12-19 23:09:29,979 - INFO - train loss = 0.7077801823616028
2022-12-19 23:09:29,979 - INFO - train accuracy = 78.125
2022-12-19 23:09:33,314 - INFO - train loss = 0.6512616872787476
2022-12-19 23:09:33,315 - INFO - train accuracy = 75.0
2022-12-19 23:09:36,652 - INFO - train loss = 0.5245279669761658
2022-12-19 23:09:36,652 - INFO - train accuracy = 84.375
2022-12-19 23:09:38,471 - INFO - val phase
2022-12-19 23:09:38,506 - INFO - val loss = 0.4021679759025574
2022-12-19 23:09:38,506 - INFO - val accuracy = 90.625
2022-12-19 23:09:41,143 - INFO - val loss = 0.34545010328292847
2022-12-19 23:09:41,144 - INFO - val accuracy = 90.625
2022-12-19 23:09:43,975 - INFO - val loss = 0.7408373355865479
2022-12-19 23:09:43,976 - INFO - val accuracy = 84.375
2022-12-19 23:09:47,332 - INFO - val loss = 0.6448478698730469
2022-12-19 23:09:47,332 - INFO - val accuracy = 78.125
2022-12-19 23:09:50,666 - INFO - val loss = 0.3639552891254425
2022-12-19 23:09:50,667 - INFO - val accuracy = 93.75
